crawl_ottimo start---------Tue Feb 19 2019 18:54:41 GMT+0900 (Korean Standard Time)
info crawl_ottimofood--suksik--Every 1 minute between the hours of 17:00-19:59 on Mon-Fri -->Tue Feb 19 2019 18:55:00 GMT+0900 (Korean Standard Time)
today_crawl--> 2/19
check_crawl_month--> 0
check_crawl_day--> 2
check_crawl_month_day--> 2
오늘 날짜2/19의 suksik 오띠모푸드 데이터가 없습니다.
info crawl_ottimofood--suksik--Every 1 minute between the hours of 17:00-19:59 on Mon-Fri -->Tue Feb 19 2019 18:56:00 GMT+0900 (Korean Standard Time)
today_crawl--> 2/19
check_crawl_month--> 0
check_crawl_day--> 2
check_crawl_month_day--> 2
오늘 날짜2/19의 suksik 오띠모푸드 데이터가 없습니다.
info crawl_ottimofood--suksik--Every 1 minute between the hours of 17:00-19:59 on Mon-Fri -->Tue Feb 19 2019 18:57:00 GMT+0900 (Korean Standard Time)
today_crawl--> 2/19
check_crawl_month--> 0
check_crawl_day--> 2
check_crawl_month_day--> 2
오늘 날짜2/19의 suksik 오띠모푸드 데이터가 없습니다.
info crawl_ottimofood--suksik--Every 1 minute between the hours of 17:00-19:59 on Mon-Fri -->Tue Feb 19 2019 18:58:00 GMT+0900 (Korean Standard Time)
today_crawl--> 2/19
check_crawl_month--> 0
check_crawl_day--> 2
check_crawl_month_day--> 2
오늘 날짜2/19의 suksik 오띠모푸드 데이터가 없습니다.
info crawl_ottimofood--suksik--Every 1 minute between the hours of 17:00-19:59 on Mon-Fri -->Tue Feb 19 2019 18:59:00 GMT+0900 (Korean Standard Time)
today_crawl--> 2/19
check_crawl_month--> 0
check_crawl_day--> 2
check_crawl_month_day--> 2
오늘 날짜2/19의 suksik 오띠모푸드 데이터가 없습니다.
info crawl_ottimofood--suksik--Every 1 minute between the hours of 17:00-19:59 on Mon-Fri -->Tue Feb 19 2019 19:00:00 GMT+0900 (Korean Standard Time)
today_crawl--> 2/19
check_crawl_month--> 0
check_crawl_day--> 2
check_crawl_month_day--> 2
오늘 날짜2/19의 suksik 오띠모푸드 데이터가 없습니다.
info crawl_ottimofood--suksik--Every 1 minute between the hours of 17:00-19:59 on Mon-Fri -->Tue Feb 19 2019 19:01:00 GMT+0900 (Korean Standard Time)
today_crawl--> 2/19
check_crawl_month--> 0
check_crawl_day--> 2
check_crawl_month_day--> 2
오늘 날짜2/19의 suksik 오띠모푸드 데이터가 없습니다.
info crawl_ottimofood--suksik--Every 1 minute between the hours of 17:00-19:59 on Mon-Fri -->Tue Feb 19 2019 19:02:00 GMT+0900 (Korean Standard Time)
today_crawl--> 2/19
check_crawl_month--> 0
check_crawl_day--> 2
check_crawl_month_day--> 2
오늘 날짜2/19의 suksik 오띠모푸드 데이터가 없습니다.
info crawl_ottimofood--suksik--Every 1 minute between the hours of 17:00-19:59 on Mon-Fri -->Tue Feb 19 2019 19:03:00 GMT+0900 (Korean Standard Time)
today_crawl--> 2/19
check_crawl_month--> 0
check_crawl_day--> 2
check_crawl_month_day--> 2
오늘 날짜2/19의 suksik 오띠모푸드 데이터가 없습니다.
info crawl_ottimofood--suksik--Every 1 minute between the hours of 17:00-19:59 on Mon-Fri -->Tue Feb 19 2019 19:04:00 GMT+0900 (Korean Standard Time)
today_crawl--> 2/19
check_crawl_month--> 0
check_crawl_day--> 2
check_crawl_month_day--> 2
오늘 날짜2/19의 suksik 오띠모푸드 데이터가 없습니다.
info crawl_ottimofood--suksik--Every 1 minute between the hours of 17:00-19:59 on Mon-Fri -->Tue Feb 19 2019 19:05:00 GMT+0900 (Korean Standard Time)
today_crawl--> 2/19
check_crawl_month--> 0
check_crawl_day--> 2
check_crawl_month_day--> 2
오늘 날짜2/19의 suksik 오띠모푸드 데이터가 없습니다.
info crawl_ottimofood--suksik--Every 1 minute between the hours of 17:00-19:59 on Mon-Fri -->Tue Feb 19 2019 19:06:00 GMT+0900 (Korean Standard Time)
today_crawl--> 2/19
check_crawl_month--> 0
check_crawl_day--> 2
check_crawl_month_day--> 2
오늘 날짜2/19의 suksik 오띠모푸드 데이터가 없습니다.
