Example app listening on port 3000!
Fri Jul 20 2018 00:27:52 GMT+0900 (Korean Standard Time) 오띠모푸드 클릭->I5UzgG-p4l8E    img-->
Fri Jul 20 2018 00:27:54 GMT+0900 (Korean Standard Time) 오띠모푸드 클릭->I5UzgG-p4l8E    img-->http://13.209.234.250:3000/no_menu.jpg
Fri Jul 20 2018 00:27:55 GMT+0900 (Korean Standard Time) 삼성웰스토리 클릭->I5UzgG-p4l8E
포문 아웃-0-->
wellstory_text--1>2018-07-20 (금) 웰스토리 아침 메뉴
<Korean> 
완자조림,북어해장국,포기김치,쌀밥,쑥갓사과무침
(칼로리:685Kcal)
wellstory_text--1>2018-07-20 (금) 웰스토리 아침 메뉴
<Korean> 
완자조림,북어해장국,포기김치,쌀밥,쑥갓사과무침
(칼로리:685Kcal)

<American> 
매운라면/쌀밥,단무지,포기김치
(칼로리:549Kcal)
Fri Jul 20 2018 00:28:04 GMT+0900 (Korean Standard Time) 삼성웰스토리 클릭->I5UzgG-p4l8E
포문 아웃-0-->
wellstory_text--1>2018-07-20 (금) 웰스토리 점심 메뉴
<Korean> 
돼지고기두루치기,맛느타리버섯맑은국,강낭콩밥,미트볼케첩조림,무들깨나물,포기김치,1
(칼로리:160Kcal)
wellstory_text--1>2018-07-20 (금) 웰스토리 점심 메뉴
<Korean> 
돼지고기두루치기,맛느타리버섯맑은국,강낭콩밥,미트볼케첩조림,무들깨나물,포기김치,1
(칼로리:160Kcal)

<Inter 1> 
베이컨마늘볶음밥,&휠터치소시지,매운콩나물국,포기김치,할라피뇨
(칼로리:779Kcal)
wellstory_text--1>2018-07-20 (금) 웰스토리 점심 메뉴
<Korean> 
돼지고기두루치기,맛느타리버섯맑은국,강낭콩밥,미트볼케첩조림,무들깨나물,포기김치,1
(칼로리:160Kcal)

<Inter 1> 
베이컨마늘볶음밥,&휠터치소시지,매운콩나물국,포기김치,할라피뇨
(칼로리:779Kcal)

<Noodle> 
오징어젓무침,영양닭죽,나박물김치,돼지고기장조림,오징어젓무침,포기김치
(칼로리:701Kcal)
wellstory_text--1>2018-07-20 (금) 웰스토리 점심 메뉴
<Korean> 
돼지고기두루치기,맛느타리버섯맑은국,강낭콩밥,미트볼케첩조림,무들깨나물,포기김치,1
(칼로리:160Kcal)

<Inter 1> 
베이컨마늘볶음밥,&휠터치소시지,매운콩나물국,포기김치,할라피뇨
(칼로리:779Kcal)

<Noodle> 
오징어젓무침,영양닭죽,나박물김치,돼지고기장조림,오징어젓무침,포기김치
(칼로리:701Kcal)

<T/O 헬씨박스> 
크래미꽃맛살샐러드
(칼로리:478Kcal)
Fri Jul 20 2018 00:28:12 GMT+0900 (Korean Standard Time) 삼성웰스토리 클릭->I5UzgG-p4l8E
포문 아웃-0-->
wellstory_text--1>2018-07-20 (금) 웰스토리 저녁 메뉴
<Korean> 
참치김치찌개,마늘종지무침,바싹불고기*데리야끼S,깍두기,쌀밥,곤약우엉조림
(칼로리:689Kcal)
wellstory_text--1>2018-07-20 (금) 웰스토리 저녁 메뉴
<Korean> 
참치김치찌개,마늘종지무침,바싹불고기*데리야끼S,깍두기,쌀밥,곤약우엉조림
(칼로리:689Kcal)

<T/O 1> 
스노우쉬림프샐러드
(칼로리:263Kcal)
Fri Jul 20 2018 00:30:01 GMT+0900 (Korean Standard Time) 삼성웰스토리 클릭->I5UzgG-p4l8E
포문 아웃-0-->
wellstory_text--1>2018-07-20 (금) 웰스토리 점심 메뉴
<Korean> 
돼지고기두루치기,맛느타리버섯맑은국,강낭콩밥,미트볼케첩조림,무들깨나물,포기김치,1
(칼로리:160Kcal)
wellstory_text--1>2018-07-20 (금) 웰스토리 점심 메뉴
<Korean> 
돼지고기두루치기,맛느타리버섯맑은국,강낭콩밥,미트볼케첩조림,무들깨나물,포기김치,1
(칼로리:160Kcal)

<Inter 1> 
베이컨마늘볶음밥,&휠터치소시지,매운콩나물국,포기김치,할라피뇨
(칼로리:779Kcal)
wellstory_text--1>2018-07-20 (금) 웰스토리 점심 메뉴
<Korean> 
돼지고기두루치기,맛느타리버섯맑은국,강낭콩밥,미트볼케첩조림,무들깨나물,포기김치,1
(칼로리:160Kcal)

<Inter 1> 
베이컨마늘볶음밥,&휠터치소시지,매운콩나물국,포기김치,할라피뇨
(칼로리:779Kcal)

<Noodle> 
오징어젓무침,영양닭죽,나박물김치,돼지고기장조림,오징어젓무침,포기김치
(칼로리:701Kcal)
wellstory_text--1>2018-07-20 (금) 웰스토리 점심 메뉴
<Korean> 
돼지고기두루치기,맛느타리버섯맑은국,강낭콩밥,미트볼케첩조림,무들깨나물,포기김치,1
(칼로리:160Kcal)

<Inter 1> 
베이컨마늘볶음밥,&휠터치소시지,매운콩나물국,포기김치,할라피뇨
(칼로리:779Kcal)

<Noodle> 
오징어젓무침,영양닭죽,나박물김치,돼지고기장조림,오징어젓무침,포기김치
(칼로리:701Kcal)

<T/O 헬씨박스> 
크래미꽃맛살샐러드
(칼로리:478Kcal)
Fri Jul 20 2018 00:31:38 GMT+0900 (Korean Standard Time) 오띠모푸드 클릭->AUMKopdvRRxH    img-->http://13.209.234.250:3000/no_menu.jpg
Fri Jul 20 2018 00:31:49 GMT+0900 (Korean Standard Time) 삼성웰스토리 클릭->AUMKopdvRRxH
포문 아웃-0-->
wellstory_text--1>2018-07-20 (금) 웰스토리 아침 메뉴
<Korean> 
완자조림,북어해장국,포기김치,쌀밥,쑥갓사과무침
(칼로리:685Kcal)
wellstory_text--1>2018-07-20 (금) 웰스토리 아침 메뉴
<Korean> 
완자조림,북어해장국,포기김치,쌀밥,쑥갓사과무침
(칼로리:685Kcal)

<American> 
매운라면/쌀밥,단무지,포기김치
(칼로리:549Kcal)
Fri Jul 20 2018 00:31:55 GMT+0900 (Korean Standard Time) 삼성웰스토리 클릭->AUMKopdvRRxH
포문 아웃-0-->
wellstory_text--1>2018-07-20 (금) 웰스토리 점심 메뉴
<Korean> 
돼지고기두루치기,맛느타리버섯맑은국,강낭콩밥,미트볼케첩조림,무들깨나물,포기김치,1
(칼로리:160Kcal)
wellstory_text--1>2018-07-20 (금) 웰스토리 점심 메뉴
<Korean> 
돼지고기두루치기,맛느타리버섯맑은국,강낭콩밥,미트볼케첩조림,무들깨나물,포기김치,1
(칼로리:160Kcal)

<Inter 1> 
베이컨마늘볶음밥,&휠터치소시지,매운콩나물국,포기김치,할라피뇨
(칼로리:779Kcal)
wellstory_text--1>2018-07-20 (금) 웰스토리 점심 메뉴
<Korean> 
돼지고기두루치기,맛느타리버섯맑은국,강낭콩밥,미트볼케첩조림,무들깨나물,포기김치,1
(칼로리:160Kcal)

<Inter 1> 
베이컨마늘볶음밥,&휠터치소시지,매운콩나물국,포기김치,할라피뇨
(칼로리:779Kcal)

<Noodle> 
오징어젓무침,영양닭죽,나박물김치,돼지고기장조림,오징어젓무침,포기김치
(칼로리:701Kcal)
wellstory_text--1>2018-07-20 (금) 웰스토리 점심 메뉴
<Korean> 
돼지고기두루치기,맛느타리버섯맑은국,강낭콩밥,미트볼케첩조림,무들깨나물,포기김치,1
(칼로리:160Kcal)

<Inter 1> 
베이컨마늘볶음밥,&휠터치소시지,매운콩나물국,포기김치,할라피뇨
(칼로리:779Kcal)

<Noodle> 
오징어젓무침,영양닭죽,나박물김치,돼지고기장조림,오징어젓무침,포기김치
(칼로리:701Kcal)

<T/O 헬씨박스> 
크래미꽃맛살샐러드
(칼로리:478Kcal)
Fri Jul 20 2018 00:31:59 GMT+0900 (Korean Standard Time) 삼성웰스토리 클릭->AUMKopdvRRxH
포문 아웃-0-->
wellstory_text--1>2018-07-20 (금) 웰스토리 저녁 메뉴
<Korean> 
참치김치찌개,마늘종지무침,바싹불고기*데리야끼S,깍두기,쌀밥,곤약우엉조림
(칼로리:689Kcal)
wellstory_text--1>2018-07-20 (금) 웰스토리 저녁 메뉴
<Korean> 
참치김치찌개,마늘종지무침,바싹불고기*데리야끼S,깍두기,쌀밥,곤약우엉조림
(칼로리:689Kcal)

<T/O 1> 
스노우쉬림프샐러드
(칼로리:263Kcal)
Fri Jul 20 2018 00:43:54 GMT+0900 (Korean Standard Time) 오띠모푸드 클릭->I5UzgG-p4l8E    img-->http://13.209.234.250:3000/no_menu.jpg
Fri Jul 20 2018 00:43:58 GMT+0900 (Korean Standard Time) 삼성웰스토리 클릭->I5UzgG-p4l8E
포문 아웃-0-->
wellstory_text--1>2018-07-20 (금) 웰스토리 아침 메뉴
<Korean> 
완자조림,북어해장국,포기김치,쌀밥,쑥갓사과무침
(칼로리:685Kcal)
wellstory_text--1>2018-07-20 (금) 웰스토리 아침 메뉴
<Korean> 
완자조림,북어해장국,포기김치,쌀밥,쑥갓사과무침
(칼로리:685Kcal)

<American> 
매운라면/쌀밥,단무지,포기김치
(칼로리:549Kcal)
Fri Jul 20 2018 00:44:29 GMT+0900 (Korean Standard Time) 삼성웰스토리 클릭->I5UzgG-p4l8E
포문 아웃-0-->
wellstory_text--1>2018-07-20 (금) 웰스토리 점심 메뉴
<Korean> 
돼지고기두루치기,맛느타리버섯맑은국,강낭콩밥,미트볼케첩조림,무들깨나물,포기김치,1
(칼로리:160Kcal)
wellstory_text--1>2018-07-20 (금) 웰스토리 점심 메뉴
<Korean> 
돼지고기두루치기,맛느타리버섯맑은국,강낭콩밥,미트볼케첩조림,무들깨나물,포기김치,1
(칼로리:160Kcal)

<Inter 1> 
베이컨마늘볶음밥,&휠터치소시지,매운콩나물국,포기김치,할라피뇨
(칼로리:779Kcal)
wellstory_text--1>2018-07-20 (금) 웰스토리 점심 메뉴
<Korean> 
돼지고기두루치기,맛느타리버섯맑은국,강낭콩밥,미트볼케첩조림,무들깨나물,포기김치,1
(칼로리:160Kcal)

<Inter 1> 
베이컨마늘볶음밥,&휠터치소시지,매운콩나물국,포기김치,할라피뇨
(칼로리:779Kcal)

<Noodle> 
오징어젓무침,영양닭죽,나박물김치,돼지고기장조림,오징어젓무침,포기김치
(칼로리:701Kcal)
wellstory_text--1>2018-07-20 (금) 웰스토리 점심 메뉴
<Korean> 
돼지고기두루치기,맛느타리버섯맑은국,강낭콩밥,미트볼케첩조림,무들깨나물,포기김치,1
(칼로리:160Kcal)

<Inter 1> 
베이컨마늘볶음밥,&휠터치소시지,매운콩나물국,포기김치,할라피뇨
(칼로리:779Kcal)

<Noodle> 
오징어젓무침,영양닭죽,나박물김치,돼지고기장조림,오징어젓무침,포기김치
(칼로리:701Kcal)

<T/O 헬씨박스> 
크래미꽃맛살샐러드
(칼로리:478Kcal)
Fri Jul 20 2018 00:45:05 GMT+0900 (Korean Standard Time) 삼성웰스토리 클릭->I5UzgG-p4l8E
포문 아웃-0-->
wellstory_text--1>2018-07-20 (금) 웰스토리 저녁 메뉴
<Korean> 
참치김치찌개,마늘종지무침,바싹불고기*데리야끼S,깍두기,쌀밥,곤약우엉조림
(칼로리:689Kcal)
wellstory_text--1>2018-07-20 (금) 웰스토리 저녁 메뉴
<Korean> 
참치김치찌개,마늘종지무침,바싹불고기*데리야끼S,깍두기,쌀밥,곤약우엉조림
(칼로리:689Kcal)

<T/O 1> 
스노우쉬림프샐러드
(칼로리:263Kcal)
Fri Jul 20 2018 00:48:09 GMT+0900 (Korean Standard Time) 오띠모푸드 클릭->I5UzgG-p4l8E    img-->http://13.209.234.250:3000/no_menu.jpg
Fri Jul 20 2018 00:48:14 GMT+0900 (Korean Standard Time) 삼성웰스토리 클릭->I5UzgG-p4l8E
포문 아웃-0-->
wellstory_text--1>2018-07-20 (금) 웰스토리 아침 메뉴
<Korean> 
완자조림,북어해장국,포기김치,쌀밥,쑥갓사과무침
(칼로리:685Kcal)
wellstory_text--1>2018-07-20 (금) 웰스토리 아침 메뉴
<Korean> 
완자조림,북어해장국,포기김치,쌀밥,쑥갓사과무침
(칼로리:685Kcal)

<American> 
매운라면/쌀밥,단무지,포기김치
(칼로리:549Kcal)
Fri Jul 20 2018 00:58:06 GMT+0900 (Korean Standard Time) 삼성웰스토리 클릭->AUMKopdvRRxH
포문 아웃-0-->
wellstory_text--1>2018-07-20 (금) 웰스토리 점심 메뉴
<Korean> 
돼지고기두루치기,맛느타리버섯맑은국,강낭콩밥,미트볼케첩조림,무들깨나물,포기김치,1
(칼로리:160Kcal)
wellstory_text--1>2018-07-20 (금) 웰스토리 점심 메뉴
<Korean> 
돼지고기두루치기,맛느타리버섯맑은국,강낭콩밥,미트볼케첩조림,무들깨나물,포기김치,1
(칼로리:160Kcal)

<Inter 1> 
베이컨마늘볶음밥,&휠터치소시지,매운콩나물국,포기김치,할라피뇨
(칼로리:779Kcal)
wellstory_text--1>2018-07-20 (금) 웰스토리 점심 메뉴
<Korean> 
돼지고기두루치기,맛느타리버섯맑은국,강낭콩밥,미트볼케첩조림,무들깨나물,포기김치,1
(칼로리:160Kcal)

<Inter 1> 
베이컨마늘볶음밥,&휠터치소시지,매운콩나물국,포기김치,할라피뇨
(칼로리:779Kcal)

<Noodle> 
오징어젓무침,영양닭죽,나박물김치,돼지고기장조림,오징어젓무침,포기김치
(칼로리:701Kcal)
wellstory_text--1>2018-07-20 (금) 웰스토리 점심 메뉴
<Korean> 
돼지고기두루치기,맛느타리버섯맑은국,강낭콩밥,미트볼케첩조림,무들깨나물,포기김치,1
(칼로리:160Kcal)

<Inter 1> 
베이컨마늘볶음밥,&휠터치소시지,매운콩나물국,포기김치,할라피뇨
(칼로리:779Kcal)

<Noodle> 
오징어젓무침,영양닭죽,나박물김치,돼지고기장조림,오징어젓무침,포기김치
(칼로리:701Kcal)

<T/O 헬씨박스> 
크래미꽃맛살샐러드
(칼로리:478Kcal)
Fri Jul 20 2018 00:58:15 GMT+0900 (Korean Standard Time) 오띠모푸드 클릭->AUMKopdvRRxH    img-->http://13.209.234.250:3000/no_menu.jpg
Fri Jul 20 2018 08:21:19 GMT+0900 (Korean Standard Time) 오띠모푸드 클릭->I5UzgG-p4l8E    img-->http://13.209.234.250:3000/no_menu.jpg
Fri Jul 20 2018 08:21:22 GMT+0900 (Korean Standard Time) 삼성웰스토리 클릭->I5UzgG-p4l8E
포문 아웃-0-->
wellstory_text--1>2018-07-20 (금) 웰스토리 아침 메뉴
<Korean> 
완자조림,북어해장국,포기김치,쌀밥,쑥갓사과무침
(칼로리:685Kcal)
wellstory_text--1>2018-07-20 (금) 웰스토리 아침 메뉴
<Korean> 
완자조림,북어해장국,포기김치,쌀밥,쑥갓사과무침
(칼로리:685Kcal)

<American> 
매운라면/쌀밥,단무지,포기김치
(칼로리:549Kcal)
Fri Jul 20 2018 08:21:27 GMT+0900 (Korean Standard Time) 삼성웰스토리 클릭->I5UzgG-p4l8E
포문 아웃-0-->
wellstory_text--1>2018-07-20 (금) 웰스토리 점심 메뉴
<Korean> 
돼지고기두루치기,맛느타리버섯맑은국,강낭콩밥,미트볼케첩조림,무들깨나물,포기김치,1
(칼로리:160Kcal)
wellstory_text--1>2018-07-20 (금) 웰스토리 점심 메뉴
<Korean> 
돼지고기두루치기,맛느타리버섯맑은국,강낭콩밥,미트볼케첩조림,무들깨나물,포기김치,1
(칼로리:160Kcal)

<Inter 1> 
베이컨마늘볶음밥,&휠터치소시지,매운콩나물국,포기김치,할라피뇨
(칼로리:779Kcal)
wellstory_text--1>2018-07-20 (금) 웰스토리 점심 메뉴
<Korean> 
돼지고기두루치기,맛느타리버섯맑은국,강낭콩밥,미트볼케첩조림,무들깨나물,포기김치,1
(칼로리:160Kcal)

<Inter 1> 
베이컨마늘볶음밥,&휠터치소시지,매운콩나물국,포기김치,할라피뇨
(칼로리:779Kcal)

<Noodle> 
오징어젓무침,영양닭죽,나박물김치,돼지고기장조림,오징어젓무침,포기김치
(칼로리:701Kcal)
wellstory_text--1>2018-07-20 (금) 웰스토리 점심 메뉴
<Korean> 
돼지고기두루치기,맛느타리버섯맑은국,강낭콩밥,미트볼케첩조림,무들깨나물,포기김치,1
(칼로리:160Kcal)

<Inter 1> 
베이컨마늘볶음밥,&휠터치소시지,매운콩나물국,포기김치,할라피뇨
(칼로리:779Kcal)

<Noodle> 
오징어젓무침,영양닭죽,나박물김치,돼지고기장조림,오징어젓무침,포기김치
(칼로리:701Kcal)

<T/O 헬씨박스> 
크래미꽃맛살샐러드
(칼로리:478Kcal)
Fri Jul 20 2018 08:34:11 GMT+0900 (Korean Standard Time) 오띠모푸드 클릭->CjIRSH443vGE    img-->http://13.209.234.250:3000/no_menu.jpg
Fri Jul 20 2018 08:34:14 GMT+0900 (Korean Standard Time) 삼성웰스토리 클릭->CjIRSH443vGE
포문 아웃-0-->
wellstory_text--1>2018-07-20 (금) 웰스토리 아침 메뉴
<Korean> 
완자조림,북어해장국,포기김치,쌀밥,쑥갓사과무침
(칼로리:685Kcal)
wellstory_text--1>2018-07-20 (금) 웰스토리 아침 메뉴
<Korean> 
완자조림,북어해장국,포기김치,쌀밥,쑥갓사과무침
(칼로리:685Kcal)

<American> 
매운라면/쌀밥,단무지,포기김치
(칼로리:549Kcal)
Fri Jul 20 2018 08:34:18 GMT+0900 (Korean Standard Time) 삼성웰스토리 클릭->CjIRSH443vGE
포문 아웃-0-->
wellstory_text--1>2018-07-20 (금) 웰스토리 점심 메뉴
<Korean> 
돼지고기두루치기,맛느타리버섯맑은국,강낭콩밥,미트볼케첩조림,무들깨나물,포기김치,1
(칼로리:160Kcal)
wellstory_text--1>2018-07-20 (금) 웰스토리 점심 메뉴
<Korean> 
돼지고기두루치기,맛느타리버섯맑은국,강낭콩밥,미트볼케첩조림,무들깨나물,포기김치,1
(칼로리:160Kcal)

<Inter 1> 
베이컨마늘볶음밥,&휠터치소시지,매운콩나물국,포기김치,할라피뇨
(칼로리:779Kcal)
wellstory_text--1>2018-07-20 (금) 웰스토리 점심 메뉴
<Korean> 
돼지고기두루치기,맛느타리버섯맑은국,강낭콩밥,미트볼케첩조림,무들깨나물,포기김치,1
(칼로리:160Kcal)

<Inter 1> 
베이컨마늘볶음밥,&휠터치소시지,매운콩나물국,포기김치,할라피뇨
(칼로리:779Kcal)

<Noodle> 
오징어젓무침,영양닭죽,나박물김치,돼지고기장조림,오징어젓무침,포기김치
(칼로리:701Kcal)
wellstory_text--1>2018-07-20 (금) 웰스토리 점심 메뉴
<Korean> 
돼지고기두루치기,맛느타리버섯맑은국,강낭콩밥,미트볼케첩조림,무들깨나물,포기김치,1
(칼로리:160Kcal)

<Inter 1> 
베이컨마늘볶음밥,&휠터치소시지,매운콩나물국,포기김치,할라피뇨
(칼로리:779Kcal)

<Noodle> 
오징어젓무침,영양닭죽,나박물김치,돼지고기장조림,오징어젓무침,포기김치
(칼로리:701Kcal)

<T/O 헬씨박스> 
크래미꽃맛살샐러드
(칼로리:478Kcal)
Fri Jul 20 2018 08:34:22 GMT+0900 (Korean Standard Time) 삼성웰스토리 클릭->CjIRSH443vGE
포문 아웃-0-->
wellstory_text--1>2018-07-20 (금) 웰스토리 저녁 메뉴
<Korean> 
참치김치찌개,마늘종지무침,바싹불고기*데리야끼S,깍두기,쌀밥,곤약우엉조림
(칼로리:689Kcal)
wellstory_text--1>2018-07-20 (금) 웰스토리 저녁 메뉴
<Korean> 
참치김치찌개,마늘종지무침,바싹불고기*데리야끼S,깍두기,쌀밥,곤약우엉조림
(칼로리:689Kcal)

<T/O 1> 
스노우쉬림프샐러드
(칼로리:263Kcal)
Fri Jul 20 2018 09:04:31 GMT+0900 (Korean Standard Time) 삼성웰스토리 클릭->I5UzgG-p4l8E
포문 아웃-0-->
wellstory_text--1>2018-07-20 (금) 웰스토리 아침 메뉴
<Korean> 
완자조림,북어해장국,포기김치,쌀밥,쑥갓사과무침
(칼로리:685Kcal)
wellstory_text--1>2018-07-20 (금) 웰스토리 아침 메뉴
<Korean> 
완자조림,북어해장국,포기김치,쌀밥,쑥갓사과무침
(칼로리:685Kcal)

<American> 
매운라면/쌀밥,단무지,포기김치
(칼로리:549Kcal)
Fri Jul 20 2018 09:04:38 GMT+0900 (Korean Standard Time) 삼성웰스토리 클릭->I5UzgG-p4l8E
포문 아웃-0-->
wellstory_text--1>2018-07-20 (금) 웰스토리 점심 메뉴
<Korean> 
돼지고기두루치기,맛느타리버섯맑은국,강낭콩밥,미트볼케첩조림,무들깨나물,포기김치,1
(칼로리:160Kcal)
wellstory_text--1>2018-07-20 (금) 웰스토리 점심 메뉴
<Korean> 
돼지고기두루치기,맛느타리버섯맑은국,강낭콩밥,미트볼케첩조림,무들깨나물,포기김치,1
(칼로리:160Kcal)

<Inter 1> 
베이컨마늘볶음밥,&휠터치소시지,매운콩나물국,포기김치,할라피뇨
(칼로리:779Kcal)
wellstory_text--1>2018-07-20 (금) 웰스토리 점심 메뉴
<Korean> 
돼지고기두루치기,맛느타리버섯맑은국,강낭콩밥,미트볼케첩조림,무들깨나물,포기김치,1
(칼로리:160Kcal)

<Inter 1> 
베이컨마늘볶음밥,&휠터치소시지,매운콩나물국,포기김치,할라피뇨
(칼로리:779Kcal)

<Noodle> 
오징어젓무침,영양닭죽,나박물김치,돼지고기장조림,오징어젓무침,포기김치
(칼로리:701Kcal)
wellstory_text--1>2018-07-20 (금) 웰스토리 점심 메뉴
<Korean> 
돼지고기두루치기,맛느타리버섯맑은국,강낭콩밥,미트볼케첩조림,무들깨나물,포기김치,1
(칼로리:160Kcal)

<Inter 1> 
베이컨마늘볶음밥,&휠터치소시지,매운콩나물국,포기김치,할라피뇨
(칼로리:779Kcal)

<Noodle> 
오징어젓무침,영양닭죽,나박물김치,돼지고기장조림,오징어젓무침,포기김치
(칼로리:701Kcal)

<T/O 헬씨박스> 
크래미꽃맛살샐러드
(칼로리:478Kcal)
Fri Jul 20 2018 09:04:54 GMT+0900 (Korean Standard Time) 삼성웰스토리 클릭->I5UzgG-p4l8E
포문 아웃-0-->
wellstory_text--1>2018-07-20 (금) 웰스토리 저녁 메뉴
<Korean> 
참치김치찌개,마늘종지무침,바싹불고기*데리야끼S,깍두기,쌀밥,곤약우엉조림
(칼로리:689Kcal)
wellstory_text--1>2018-07-20 (금) 웰스토리 저녁 메뉴
<Korean> 
참치김치찌개,마늘종지무침,바싹불고기*데리야끼S,깍두기,쌀밥,곤약우엉조림
(칼로리:689Kcal)

<T/O 1> 
스노우쉬림프샐러드
(칼로리:263Kcal)
Fri Jul 20 2018 11:34:44 GMT+0900 (Korean Standard Time) 오띠모푸드 클릭->I5UzgG-p4l8E    img-->http://13.209.234.250:3000/no_menu.jpg
Fri Jul 20 2018 11:34:46 GMT+0900 (Korean Standard Time) 삼성웰스토리 클릭->I5UzgG-p4l8E
포문 아웃-0-->
wellstory_text--1>2018-07-20 (금) 웰스토리 점심 메뉴
<Korean> 
돼지고기두루치기,맛느타리버섯맑은국,강낭콩밥,미트볼케첩조림,무들깨나물,포기김치,1
(칼로리:160Kcal)
wellstory_text--1>2018-07-20 (금) 웰스토리 점심 메뉴
<Korean> 
돼지고기두루치기,맛느타리버섯맑은국,강낭콩밥,미트볼케첩조림,무들깨나물,포기김치,1
(칼로리:160Kcal)

<Inter 1> 
베이컨마늘볶음밥,&휠터치소시지,매운콩나물국,포기김치,할라피뇨
(칼로리:779Kcal)
wellstory_text--1>2018-07-20 (금) 웰스토리 점심 메뉴
<Korean> 
돼지고기두루치기,맛느타리버섯맑은국,강낭콩밥,미트볼케첩조림,무들깨나물,포기김치,1
(칼로리:160Kcal)

<Inter 1> 
베이컨마늘볶음밥,&휠터치소시지,매운콩나물국,포기김치,할라피뇨
(칼로리:779Kcal)

<Noodle> 
오징어젓무침,영양닭죽,나박물김치,돼지고기장조림,오징어젓무침,포기김치
(칼로리:701Kcal)
wellstory_text--1>2018-07-20 (금) 웰스토리 점심 메뉴
<Korean> 
돼지고기두루치기,맛느타리버섯맑은국,강낭콩밥,미트볼케첩조림,무들깨나물,포기김치,1
(칼로리:160Kcal)

<Inter 1> 
베이컨마늘볶음밥,&휠터치소시지,매운콩나물국,포기김치,할라피뇨
(칼로리:779Kcal)

<Noodle> 
오징어젓무침,영양닭죽,나박물김치,돼지고기장조림,오징어젓무침,포기김치
(칼로리:701Kcal)

<T/O 헬씨박스> 
크래미꽃맛살샐러드
(칼로리:478Kcal)
Fri Jul 20 2018 11:51:35 GMT+0900 (Korean Standard Time) 오띠모푸드 클릭->AUMKopdvRRxH    img-->http://13.209.234.250:3000/2018_7_20.jpg
Fri Jul 20 2018 11:51:41 GMT+0900 (Korean Standard Time) 오띠모푸드 클릭->AUMKopdvRRxH    img-->http://13.209.234.250:3000/2018_7_20.jpg
Fri Jul 20 2018 11:52:05 GMT+0900 (Korean Standard Time) 삼성웰스토리 클릭->AUMKopdvRRxH
포문 아웃-0-->
wellstory_text--1>2018-07-20 (금) 웰스토리 점심 메뉴
<Korean> 
돼지고기두루치기,맛느타리버섯맑은국,강낭콩밥,미트볼케첩조림,무들깨나물,포기김치,1
(칼로리:160Kcal)
wellstory_text--1>2018-07-20 (금) 웰스토리 점심 메뉴
<Korean> 
돼지고기두루치기,맛느타리버섯맑은국,강낭콩밥,미트볼케첩조림,무들깨나물,포기김치,1
(칼로리:160Kcal)

<Inter 1> 
베이컨마늘볶음밥,&휠터치소시지,매운콩나물국,포기김치,할라피뇨
(칼로리:779Kcal)
wellstory_text--1>2018-07-20 (금) 웰스토리 점심 메뉴
<Korean> 
돼지고기두루치기,맛느타리버섯맑은국,강낭콩밥,미트볼케첩조림,무들깨나물,포기김치,1
(칼로리:160Kcal)

<Inter 1> 
베이컨마늘볶음밥,&휠터치소시지,매운콩나물국,포기김치,할라피뇨
(칼로리:779Kcal)

<Noodle> 
오징어젓무침,영양닭죽,나박물김치,돼지고기장조림,오징어젓무침,포기김치
(칼로리:701Kcal)
wellstory_text--1>2018-07-20 (금) 웰스토리 점심 메뉴
<Korean> 
돼지고기두루치기,맛느타리버섯맑은국,강낭콩밥,미트볼케첩조림,무들깨나물,포기김치,1
(칼로리:160Kcal)

<Inter 1> 
베이컨마늘볶음밥,&휠터치소시지,매운콩나물국,포기김치,할라피뇨
(칼로리:779Kcal)

<Noodle> 
오징어젓무침,영양닭죽,나박물김치,돼지고기장조림,오징어젓무침,포기김치
(칼로리:701Kcal)

<T/O 헬씨박스> 
크래미꽃맛살샐러드
(칼로리:478Kcal)
Fri Jul 20 2018 12:19:35 GMT+0900 (Korean Standard Time) 오띠모푸드 클릭->I5UzgG-p4l8E    img-->http://13.209.234.250:3000/2018_7_20.jpg
Fri Jul 20 2018 12:19:50 GMT+0900 (Korean Standard Time) 삼성웰스토리 클릭->I5UzgG-p4l8E
포문 아웃-0-->
wellstory_text--1>2018-07-20 (금) 웰스토리 점심 메뉴
<Korean> 
돼지고기두루치기,맛느타리버섯맑은국,강낭콩밥,미트볼케첩조림,무들깨나물,포기김치,1
(칼로리:160Kcal)
wellstory_text--1>2018-07-20 (금) 웰스토리 점심 메뉴
<Korean> 
돼지고기두루치기,맛느타리버섯맑은국,강낭콩밥,미트볼케첩조림,무들깨나물,포기김치,1
(칼로리:160Kcal)

<Inter 1> 
베이컨마늘볶음밥,&휠터치소시지,매운콩나물국,포기김치,할라피뇨
(칼로리:779Kcal)
wellstory_text--1>2018-07-20 (금) 웰스토리 점심 메뉴
<Korean> 
돼지고기두루치기,맛느타리버섯맑은국,강낭콩밥,미트볼케첩조림,무들깨나물,포기김치,1
(칼로리:160Kcal)

<Inter 1> 
베이컨마늘볶음밥,&휠터치소시지,매운콩나물국,포기김치,할라피뇨
(칼로리:779Kcal)

<Noodle> 
오징어젓무침,영양닭죽,나박물김치,돼지고기장조림,오징어젓무침,포기김치
(칼로리:701Kcal)
wellstory_text--1>2018-07-20 (금) 웰스토리 점심 메뉴
<Korean> 
돼지고기두루치기,맛느타리버섯맑은국,강낭콩밥,미트볼케첩조림,무들깨나물,포기김치,1
(칼로리:160Kcal)

<Inter 1> 
베이컨마늘볶음밥,&휠터치소시지,매운콩나물국,포기김치,할라피뇨
(칼로리:779Kcal)

<Noodle> 
오징어젓무침,영양닭죽,나박물김치,돼지고기장조림,오징어젓무침,포기김치
(칼로리:701Kcal)

<T/O 헬씨박스> 
크래미꽃맛살샐러드
(칼로리:478Kcal)
Fri Jul 20 2018 12:35:06 GMT+0900 (Korean Standard Time) 오띠모푸드 클릭->I5UzgG-p4l8E    img-->http://13.209.234.250:3000/2018_7_20.jpg
Fri Jul 20 2018 13:23:47 GMT+0900 (Korean Standard Time) 오띠모푸드 클릭->I5UzgG-p4l8E    img-->http://13.209.234.250:3000/2018_7_20.jpg
Fri Jul 20 2018 13:23:59 GMT+0900 (Korean Standard Time) 삼성웰스토리 클릭->I5UzgG-p4l8E
포문 아웃-0-->
wellstory_text--1>2018-07-20 (금) 웰스토리 아침 메뉴
<Korean> 
완자조림,북어해장국,포기김치,쌀밥,쑥갓사과무침
(칼로리:685Kcal)
wellstory_text--1>2018-07-20 (금) 웰스토리 아침 메뉴
<Korean> 
완자조림,북어해장국,포기김치,쌀밥,쑥갓사과무침
(칼로리:685Kcal)

<American> 
매운라면/쌀밥,단무지,포기김치
(칼로리:549Kcal)
Fri Jul 20 2018 13:24:03 GMT+0900 (Korean Standard Time) 삼성웰스토리 클릭->I5UzgG-p4l8E
포문 아웃-0-->
wellstory_text--1>2018-07-20 (금) 웰스토리 점심 메뉴
<Korean> 
돼지고기두루치기,맛느타리버섯맑은국,강낭콩밥,미트볼케첩조림,무들깨나물,포기김치,1
(칼로리:160Kcal)
wellstory_text--1>2018-07-20 (금) 웰스토리 점심 메뉴
<Korean> 
돼지고기두루치기,맛느타리버섯맑은국,강낭콩밥,미트볼케첩조림,무들깨나물,포기김치,1
(칼로리:160Kcal)

<Inter 1> 
베이컨마늘볶음밥,&휠터치소시지,매운콩나물국,포기김치,할라피뇨
(칼로리:779Kcal)
wellstory_text--1>2018-07-20 (금) 웰스토리 점심 메뉴
<Korean> 
돼지고기두루치기,맛느타리버섯맑은국,강낭콩밥,미트볼케첩조림,무들깨나물,포기김치,1
(칼로리:160Kcal)

<Inter 1> 
베이컨마늘볶음밥,&휠터치소시지,매운콩나물국,포기김치,할라피뇨
(칼로리:779Kcal)

<Noodle> 
오징어젓무침,영양닭죽,나박물김치,돼지고기장조림,오징어젓무침,포기김치
(칼로리:701Kcal)
wellstory_text--1>2018-07-20 (금) 웰스토리 점심 메뉴
<Korean> 
돼지고기두루치기,맛느타리버섯맑은국,강낭콩밥,미트볼케첩조림,무들깨나물,포기김치,1
(칼로리:160Kcal)

<Inter 1> 
베이컨마늘볶음밥,&휠터치소시지,매운콩나물국,포기김치,할라피뇨
(칼로리:779Kcal)

<Noodle> 
오징어젓무침,영양닭죽,나박물김치,돼지고기장조림,오징어젓무침,포기김치
(칼로리:701Kcal)

<T/O 헬씨박스> 
크래미꽃맛살샐러드
(칼로리:478Kcal)
Fri Jul 20 2018 13:24:21 GMT+0900 (Korean Standard Time) 삼성웰스토리 클릭->I5UzgG-p4l8E
포문 아웃-0-->
wellstory_text--1>2018-07-20 (금) 웰스토리 저녁 메뉴
<Korean> 
참치김치찌개,마늘종지무침,바싹불고기*데리야끼S,깍두기,쌀밥,곤약우엉조림
(칼로리:689Kcal)
wellstory_text--1>2018-07-20 (금) 웰스토리 저녁 메뉴
<Korean> 
참치김치찌개,마늘종지무침,바싹불고기*데리야끼S,깍두기,쌀밥,곤약우엉조림
(칼로리:689Kcal)

<T/O 1> 
스노우쉬림프샐러드
(칼로리:263Kcal)
Fri Jul 20 2018 13:24:45 GMT+0900 (Korean Standard Time) 오띠모푸드 클릭->I5UzgG-p4l8E    img-->http://13.209.234.250:3000/2018_7_20.jpg
Fri Jul 20 2018 13:51:57 GMT+0900 (Korean Standard Time) 오띠모푸드 클릭->I5UzgG-p4l8E    img-->http://13.209.234.250:3000/2018_7_20.jpg
Fri Jul 20 2018 13:51:58 GMT+0900 (Korean Standard Time) 삼성웰스토리 클릭->I5UzgG-p4l8E
포문 아웃-0-->
wellstory_text--1>2018-07-20 (금) 웰스토리 아침 메뉴
<Korean> 
완자조림,북어해장국,포기김치,쌀밥,쑥갓사과무침
(칼로리:685Kcal)
wellstory_text--1>2018-07-20 (금) 웰스토리 아침 메뉴
<Korean> 
완자조림,북어해장국,포기김치,쌀밥,쑥갓사과무침
(칼로리:685Kcal)

<American> 
매운라면/쌀밥,단무지,포기김치
(칼로리:549Kcal)
Fri Jul 20 2018 14:45:56 GMT+0900 (Korean Standard Time) 오띠모푸드 클릭->I5UzgG-p4l8E    img-->http://13.209.234.250:3000/2018_7_20.jpg
Fri Jul 20 2018 14:45:59 GMT+0900 (Korean Standard Time) 삼성웰스토리 클릭->I5UzgG-p4l8E
포문 아웃-0-->
wellstory_text--1>2018-07-20 (금) 웰스토리 아침 메뉴
<Korean> 
완자조림,북어해장국,포기김치,쌀밥,쑥갓사과무침
(칼로리:685Kcal)
wellstory_text--1>2018-07-20 (금) 웰스토리 아침 메뉴
<Korean> 
완자조림,북어해장국,포기김치,쌀밥,쑥갓사과무침
(칼로리:685Kcal)

<American> 
매운라면/쌀밥,단무지,포기김치
(칼로리:549Kcal)
Fri Jul 20 2018 15:18:14 GMT+0900 (Korean Standard Time) 오띠모푸드 클릭->I5UzgG-p4l8E    img-->http://13.209.234.250:3000/2018_7_20.jpg
Fri Jul 20 2018 15:18:15 GMT+0900 (Korean Standard Time) 삼성웰스토리 클릭->I5UzgG-p4l8E
포문 아웃-0-->
wellstory_text--1>2018-07-20 (금) 웰스토리 저녁 메뉴
<Korean> 
참치김치찌개,마늘종지무침,바싹불고기*데리야끼S,깍두기,쌀밥,곤약우엉조림
(칼로리:689Kcal)
wellstory_text--1>2018-07-20 (금) 웰스토리 저녁 메뉴
<Korean> 
참치김치찌개,마늘종지무침,바싹불고기*데리야끼S,깍두기,쌀밥,곤약우엉조림
(칼로리:689Kcal)

<T/O 1> 
스노우쉬림프샐러드
(칼로리:263Kcal)
Fri Jul 20 2018 15:37:02 GMT+0900 (Korean Standard Time) 삼성웰스토리 클릭->I5UzgG-p4l8E
포문 아웃-0-->
wellstory_text--1>2018-07-20 (금) 웰스토리 저녁 메뉴
<Korean> 
참치김치찌개,마늘종지무침,바싹불고기*데리야끼S,깍두기,쌀밥,곤약우엉조림
(칼로리:689Kcal)
wellstory_text--1>2018-07-20 (금) 웰스토리 저녁 메뉴
<Korean> 
참치김치찌개,마늘종지무침,바싹불고기*데리야끼S,깍두기,쌀밥,곤약우엉조림
(칼로리:689Kcal)

<T/O 1> 
스노우쉬림프샐러드
(칼로리:263Kcal)
Fri Jul 20 2018 15:37:09 GMT+0900 (Korean Standard Time) 오띠모푸드 클릭->I5UzgG-p4l8E    img-->http://13.209.234.250:3000/2018_7_20.jpg
Fri Jul 20 2018 15:43:36 GMT+0900 (Korean Standard Time) 삼성웰스토리 클릭->I5UzgG-p4l8E
포문 아웃-0-->
wellstory_text--1>2018-07-20 (금) 웰스토리 아침 메뉴
<Korean> 
완자조림,북어해장국,포기김치,쌀밥,쑥갓사과무침
(칼로리:685Kcal)
wellstory_text--1>2018-07-20 (금) 웰스토리 아침 메뉴
<Korean> 
완자조림,북어해장국,포기김치,쌀밥,쑥갓사과무침
(칼로리:685Kcal)

<American> 
매운라면/쌀밥,단무지,포기김치
(칼로리:549Kcal)
Fri Jul 20 2018 15:46:39 GMT+0900 (Korean Standard Time) 오띠모푸드 클릭->I5UzgG-p4l8E    img-->http://13.209.234.250:3000/2018_7_20.jpg
Fri Jul 20 2018 15:46:42 GMT+0900 (Korean Standard Time) 삼성웰스토리 클릭->I5UzgG-p4l8E
포문 아웃-0-->
wellstory_text--1>2018-07-20 (금) 웰스토리 아침 메뉴
<Korean> 
완자조림,북어해장국,포기김치,쌀밥,쑥갓사과무침
(칼로리:685Kcal)
wellstory_text--1>2018-07-20 (금) 웰스토리 아침 메뉴
<Korean> 
완자조림,북어해장국,포기김치,쌀밥,쑥갓사과무침
(칼로리:685Kcal)

<American> 
매운라면/쌀밥,단무지,포기김치
(칼로리:549Kcal)
Fri Jul 20 2018 15:46:45 GMT+0900 (Korean Standard Time) 삼성웰스토리 클릭->I5UzgG-p4l8E
포문 아웃-0-->
wellstory_text--1>2018-07-20 (금) 웰스토리 저녁 메뉴
<Korean> 
참치김치찌개,마늘종지무침,바싹불고기*데리야끼S,깍두기,쌀밥,곤약우엉조림
(칼로리:689Kcal)
wellstory_text--1>2018-07-20 (금) 웰스토리 저녁 메뉴
<Korean> 
참치김치찌개,마늘종지무침,바싹불고기*데리야끼S,깍두기,쌀밥,곤약우엉조림
(칼로리:689Kcal)

<T/O 1> 
스노우쉬림프샐러드
(칼로리:263Kcal)
Fri Jul 20 2018 15:51:38 GMT+0900 (Korean Standard Time) 오띠모푸드 클릭->NucS4H73hvg5    img-->http://13.209.234.250:3000/2018_7_20.jpg
Fri Jul 20 2018 15:51:43 GMT+0900 (Korean Standard Time) 오띠모푸드 클릭->NucS4H73hvg5    img-->http://13.209.234.250:3000/2018_7_20.jpg
Fri Jul 20 2018 15:51:48 GMT+0900 (Korean Standard Time) 오띠모푸드 클릭->NucS4H73hvg5    img-->http://13.209.234.250:3000/2018_7_20.jpg
Fri Jul 20 2018 15:51:52 GMT+0900 (Korean Standard Time) 삼성웰스토리 클릭->NucS4H73hvg5
포문 아웃-0-->
wellstory_text--1>2018-07-20 (금) 웰스토리 점심 메뉴
<Korean> 
돼지고기두루치기,맛느타리버섯맑은국,강낭콩밥,미트볼케첩조림,무들깨나물,포기김치,1
(칼로리:160Kcal)
wellstory_text--1>2018-07-20 (금) 웰스토리 점심 메뉴
<Korean> 
돼지고기두루치기,맛느타리버섯맑은국,강낭콩밥,미트볼케첩조림,무들깨나물,포기김치,1
(칼로리:160Kcal)

<Inter 1> 
베이컨마늘볶음밥,&휠터치소시지,매운콩나물국,포기김치,할라피뇨
(칼로리:779Kcal)
wellstory_text--1>2018-07-20 (금) 웰스토리 점심 메뉴
<Korean> 
돼지고기두루치기,맛느타리버섯맑은국,강낭콩밥,미트볼케첩조림,무들깨나물,포기김치,1
(칼로리:160Kcal)

<Inter 1> 
베이컨마늘볶음밥,&휠터치소시지,매운콩나물국,포기김치,할라피뇨
(칼로리:779Kcal)

<Noodle> 
오징어젓무침,영양닭죽,나박물김치,돼지고기장조림,오징어젓무침,포기김치
(칼로리:701Kcal)
wellstory_text--1>2018-07-20 (금) 웰스토리 점심 메뉴
<Korean> 
돼지고기두루치기,맛느타리버섯맑은국,강낭콩밥,미트볼케첩조림,무들깨나물,포기김치,1
(칼로리:160Kcal)

<Inter 1> 
베이컨마늘볶음밥,&휠터치소시지,매운콩나물국,포기김치,할라피뇨
(칼로리:779Kcal)

<Noodle> 
오징어젓무침,영양닭죽,나박물김치,돼지고기장조림,오징어젓무침,포기김치
(칼로리:701Kcal)

<T/O 헬씨박스> 
크래미꽃맛살샐러드
(칼로리:478Kcal)
Fri Jul 20 2018 22:02:03 GMT+0900 (Korean Standard Time) 오띠모푸드 클릭->I5UzgG-p4l8E    img-->http://13.209.234.250:3000/2018_7_20.jpg
Fri Jul 20 2018 22:02:16 GMT+0900 (Korean Standard Time) 삼성웰스토리 클릭->I5UzgG-p4l8E
포문 아웃-0-->
wellstory_text--1>2018-07-20 (금) 웰스토리 점심 메뉴
<Korean> 
돼지고기두루치기,맛느타리버섯맑은국,강낭콩밥,미트볼케첩조림,무들깨나물,포기김치,1
(칼로리:160Kcal)
wellstory_text--1>2018-07-20 (금) 웰스토리 점심 메뉴
<Korean> 
돼지고기두루치기,맛느타리버섯맑은국,강낭콩밥,미트볼케첩조림,무들깨나물,포기김치,1
(칼로리:160Kcal)

<Inter 1> 
베이컨마늘볶음밥,&휠터치소시지,매운콩나물국,포기김치,할라피뇨
(칼로리:779Kcal)
wellstory_text--1>2018-07-20 (금) 웰스토리 점심 메뉴
<Korean> 
돼지고기두루치기,맛느타리버섯맑은국,강낭콩밥,미트볼케첩조림,무들깨나물,포기김치,1
(칼로리:160Kcal)

<Inter 1> 
베이컨마늘볶음밥,&휠터치소시지,매운콩나물국,포기김치,할라피뇨
(칼로리:779Kcal)

<Noodle> 
오징어젓무침,영양닭죽,나박물김치,돼지고기장조림,오징어젓무침,포기김치
(칼로리:701Kcal)
wellstory_text--1>2018-07-20 (금) 웰스토리 점심 메뉴
<Korean> 
돼지고기두루치기,맛느타리버섯맑은국,강낭콩밥,미트볼케첩조림,무들깨나물,포기김치,1
(칼로리:160Kcal)

<Inter 1> 
베이컨마늘볶음밥,&휠터치소시지,매운콩나물국,포기김치,할라피뇨
(칼로리:779Kcal)

<Noodle> 
오징어젓무침,영양닭죽,나박물김치,돼지고기장조림,오징어젓무침,포기김치
(칼로리:701Kcal)

<T/O 헬씨박스> 
크래미꽃맛살샐러드
(칼로리:478Kcal)
Fri Jul 20 2018 22:02:23 GMT+0900 (Korean Standard Time) 삼성웰스토리 클릭->I5UzgG-p4l8E
포문 아웃-0-->
wellstory_text--1>2018-07-20 (금) 웰스토리 저녁 메뉴
<Korean> 
참치김치찌개,마늘종지무침,바싹불고기*데리야끼S,깍두기,쌀밥,곤약우엉조림
(칼로리:689Kcal)
wellstory_text--1>2018-07-20 (금) 웰스토리 저녁 메뉴
<Korean> 
참치김치찌개,마늘종지무침,바싹불고기*데리야끼S,깍두기,쌀밥,곤약우엉조림
(칼로리:689Kcal)

<T/O 1> 
스노우쉬림프샐러드
(칼로리:263Kcal)
Fri Jul 20 2018 22:02:29 GMT+0900 (Korean Standard Time) 오띠모푸드 클릭->I5UzgG-p4l8E    img-->http://13.209.234.250:3000/2018_7_20.jpg
Fri Jul 20 2018 22:02:31 GMT+0900 (Korean Standard Time) 삼성웰스토리 클릭->I5UzgG-p4l8E
포문 아웃-0-->
wellstory_text--1>2018-07-20 (금) 웰스토리 저녁 메뉴
<Korean> 
참치김치찌개,마늘종지무침,바싹불고기*데리야끼S,깍두기,쌀밥,곤약우엉조림
(칼로리:689Kcal)
wellstory_text--1>2018-07-20 (금) 웰스토리 저녁 메뉴
<Korean> 
참치김치찌개,마늘종지무침,바싹불고기*데리야끼S,깍두기,쌀밥,곤약우엉조림
(칼로리:689Kcal)

<T/O 1> 
스노우쉬림프샐러드
(칼로리:263Kcal)
Fri Jul 20 2018 22:34:55 GMT+0900 (Korean Standard Time) 오띠모푸드 클릭->I5UzgG-p4l8E    img-->http://13.209.234.250:3000/2018_7_20.jpg
Fri Jul 20 2018 22:34:56 GMT+0900 (Korean Standard Time) 삼성웰스토리 클릭->I5UzgG-p4l8E
포문 아웃-0-->
wellstory_text--1>2018-07-20 (금) 웰스토리 저녁 메뉴
<Korean> 
참치김치찌개,마늘종지무침,바싹불고기*데리야끼S,깍두기,쌀밥,곤약우엉조림
(칼로리:689Kcal)
wellstory_text--1>2018-07-20 (금) 웰스토리 저녁 메뉴
<Korean> 
참치김치찌개,마늘종지무침,바싹불고기*데리야끼S,깍두기,쌀밥,곤약우엉조림
(칼로리:689Kcal)

<T/O 1> 
스노우쉬림프샐러드
(칼로리:263Kcal)
Fri Jul 20 2018 22:39:37 GMT+0900 (Korean Standard Time) 오띠모푸드 클릭->I5UzgG-p4l8E    img-->http://13.209.234.250:3000/2018_7_20.jpg
